[0.016s] Invoking command in '/home/aa/robot_controller/build/robot_msgs': CMAKE_PREFIX_PATH=/opt/ros/humble /usr/bin/cmake /home/aa/robot_controller/src/robot_msgs -DCMAKE_INSTALL_PREFIX=/home/aa/robot_controller/install/robot_msgs
[0.028s] -- Found ament_cmake: 1.3.10 (/opt/ros/humble/share/ament_cmake/cmake)
[0.124s] -- Found rosidl_default_generators: 1.2.0 (/opt/ros/humble/share/rosidl_default_generators/cmake)
[0.125s] -- Using all available rosidl_typesupport_c: rosidl_typesupport_fastrtps_c;rosidl_typesupport_introspection_c
[0.127s] -- Found rosidl_adapter: 3.1.5 (/opt/ros/humble/share/rosidl_adapter/cmake)
[0.147s] -- Using all available rosidl_typesupport_cpp: rosidl_typesupport_fastrtps_cpp;rosidl_typesupport_introspection_cpp
[0.380s] -- Found ament_cmake_ros: 0.10.0 (/opt/ros/humble/share/ament_cmake_ros/cmake)
[0.529s] -- Using all available rosidl_typesupport_c: rosidl_typesupport_fastrtps_c;rosidl_typesupport_introspection_c
[0.720s] -- Using all available rosidl_typesupport_cpp: rosidl_typesupport_fastrtps_cpp;rosidl_typesupport_introspection_cpp
[0.739s] -- Found PythonInterp: /usr/bin/python3 (found suitable version "3.10.12", minimum required is "3.6") 
[0.740s] -- Found python_cmake_module: 0.10.0 (/opt/ros/humble/share/python_cmake_module/cmake)
[0.761s] -- Found PythonLibs: /usr/lib/x86_64-linux-gnu/libpython3.10.so (found suitable version "3.10.12", minimum required is "3.5") 
[0.762s] -- Using PYTHON_EXECUTABLE: /usr/bin/python3
[0.762s] -- Using PYTHON_INCLUDE_DIRS: /usr/include/python3.10
[0.762s] -- Using PYTHON_LIBRARIES: /usr/lib/x86_64-linux-gnu/libpython3.10.so
[0.778s] -- Found PythonExtra: .so  
[0.807s] -- Found ament_lint_auto: 0.12.11 (/opt/ros/humble/share/ament_lint_auto/cmake)
[0.823s] -- Added test 'lint_cmake' to check CMake code style
[0.824s] -- Added test 'xmllint' to check XML markup files
[0.827s] -- Configuring done
[0.851s] -- Generating done
[0.853s] -- Build files have been written to: /home/aa/robot_controller/build/robot_msgs
[0.859s] Invoked command in '/home/aa/robot_controller/build/robot_msgs' returned '0': CMAKE_PREFIX_PATH=/opt/ros/humble /usr/bin/cmake /home/aa/robot_controller/src/robot_msgs -DCMAKE_INSTALL_PREFIX=/home/aa/robot_controller/install/robot_msgs
[0.861s] Invoking command in '/home/aa/robot_controller/build/robot_msgs': CMAKE_PREFIX_PATH=/opt/ros/humble /usr/bin/cmake --build /home/aa/robot_controller/build/robot_msgs -- -j16 -l16
[0.896s] [  3%] [34m[1mGenerating C code for ROS interfaces[0m
[0.904s] [  6%] [34m[1mGenerating C++ code for ROS interfaces[0m
[0.912s] [  6%] Built target ament_cmake_python_copy_robot_msgs
[1.106s] running egg_info
[1.107s] creating robot_msgs.egg-info
[1.107s] writing robot_msgs.egg-info/PKG-INFO
[1.107s] writing dependency_links to robot_msgs.egg-info/dependency_links.txt
[1.107s] writing top-level names to robot_msgs.egg-info/top_level.txt
[1.107s] writing manifest file 'robot_msgs.egg-info/SOURCES.txt'
[1.108s] reading manifest file 'robot_msgs.egg-info/SOURCES.txt'
[1.109s] writing manifest file 'robot_msgs.egg-info/SOURCES.txt'
[1.134s] [  6%] Built target ament_cmake_python_build_robot_msgs_egg
[1.199s] [  6%] Built target robot_msgs__cpp
[1.207s] [  9%] [34m[1mGenerating C++ type support dispatch for ROS interfaces[0m
[1.207s] [ 12%] [32mBuilding C object CMakeFiles/robot_msgs__rosidl_generator_c.dir/rosidl_generator_c/robot_msgs/action/detail/robot_order__functions.c.o[0m
[1.208s] [ 19%] [34m[1mGenerating C++ introspection for ROS interfaces[0m
[1.208s] [ 19%] [34m[1mGenerating C++ type support for eProsima Fast-RTPS[0m
[1.225s] In file included from [01m[K/home/aa/robot_controller/build/robot_msgs/rosidl_generator_c/robot_msgs/action/detail/robot_order__functions.h:19[m[K,
[1.225s]                  from [01m[K/home/aa/robot_controller/build/robot_msgs/rosidl_generator_c/robot_msgs/action/detail/robot_order__functions.c:4[m[K:
[1.226s] [01m[K/home/aa/robot_controller/build/robot_msgs/rosidl_generator_c/robot_msgs/action/detail/robot_order__struct.h:22:10:[m[K [01;31m[Kfatal error: [m[Krobot_msgs/msg/detail/string__struct.h: No such file or directory
[1.226s]    22 | #include [01;31m[K"robot_msgs/msg/detail/string__struct.h"[m[K
[1.226s]       |          [01;31m[K^~~~~~~~~~~~~~~~~~~~~~~~~~~~~~~~~~~~~~~~[m[K
[1.226s] compilation terminated.
[1.226s] gmake[2]: *** [CMakeFiles/robot_msgs__rosidl_generator_c.dir/build.make:112: CMakeFiles/robot_msgs__rosidl_generator_c.dir/rosidl_generator_c/robot_msgs/action/detail/robot_order__functions.c.o] Error 1
[1.227s] gmake[1]: *** [CMakeFiles/Makefile2:213: CMakeFiles/robot_msgs__rosidl_generator_c.dir/all] Error 2
[1.227s] gmake[1]: *** Waiting for unfinished jobs....
[1.422s] [ 22%] [32mBuilding CXX object CMakeFiles/robot_msgs__rosidl_typesupport_cpp.dir/rosidl_typesupport_cpp/robot_msgs/action/robot_order__type_support.cpp.o[0m
[1.461s] [ 25%] [32mBuilding CXX object CMakeFiles/robot_msgs__rosidl_typesupport_introspection_cpp.dir/rosidl_typesupport_introspection_cpp/robot_msgs/action/detail/robot_order__type_support.cpp.o[0m
[1.483s] In file included from [01m[K/home/aa/robot_controller/build/robot_msgs/rosidl_typesupport_cpp/robot_msgs/action/robot_order__type_support.cpp:7[m[K:
[1.483s] [01m[K/home/aa/robot_controller/build/robot_msgs/rosidl_generator_cpp/robot_msgs/action/detail/robot_order__struct.hpp:20:10:[m[K [01;31m[Kfatal error: [m[Krobot_msgs/msg/detail/string__struct.hpp: No such file or directory
[1.483s]    20 | #include [01;31m[K"robot_msgs/msg/detail/string__struct.hpp"[m[K
[1.483s]       |          [01;31m[K^~~~~~~~~~~~~~~~~~~~~~~~~~~~~~~~~~~~~~~~~~[m[K
[1.483s] compilation terminated.
[1.484s] gmake[2]: *** [CMakeFiles/robot_msgs__rosidl_typesupport_cpp.dir/build.make:93: CMakeFiles/robot_msgs__rosidl_typesupport_cpp.dir/rosidl_typesupport_cpp/robot_msgs/action/robot_order__type_support.cpp.o] Error 1
[1.484s] gmake[1]: *** [CMakeFiles/Makefile2:395: CMakeFiles/robot_msgs__rosidl_typesupport_cpp.dir/all] Error 2
[1.500s] [ 29%] [32mBuilding CXX object CMakeFiles/robot_msgs__rosidl_typesupport_fastrtps_cpp.dir/rosidl_typesupport_fastrtps_cpp/robot_msgs/action/detail/dds_fastrtps/robot_order__type_support.cpp.o[0m
[1.513s] In file included from [01m[K/home/aa/robot_controller/build/robot_msgs/rosidl_typesupport_introspection_cpp/robot_msgs/action/detail/robot_order__type_support.cpp:12[m[K:
[1.513s] [01m[K/home/aa/robot_controller/build/robot_msgs/rosidl_generator_cpp/robot_msgs/action/detail/robot_order__struct.hpp:20:10:[m[K [01;31m[Kfatal error: [m[Krobot_msgs/msg/detail/string__struct.hpp: No such file or directory
[1.513s]    20 | #include [01;31m[K"robot_msgs/msg/detail/string__struct.hpp"[m[K
[1.513s]       |          [01;31m[K^~~~~~~~~~~~~~~~~~~~~~~~~~~~~~~~~~~~~~~~~~[m[K
[1.514s] compilation terminated.
[1.515s] gmake[2]: *** [CMakeFiles/robot_msgs__rosidl_typesupport_introspection_cpp.dir/build.make:98: CMakeFiles/robot_msgs__rosidl_typesupport_introspection_cpp.dir/rosidl_typesupport_introspection_cpp/robot_msgs/action/detail/robot_order__type_support.cpp.o] Error 1
[1.515s] gmake[1]: *** [CMakeFiles/Makefile2:369: CMakeFiles/robot_msgs__rosidl_typesupport_introspection_cpp.dir/all] Error 2
[1.547s] In file included from [01m[K/home/aa/robot_controller/build/robot_msgs/rosidl_typesupport_fastrtps_cpp/robot_msgs/action/detail/robot_order__rosidl_typesupport_fastrtps_cpp.hpp:11[m[K,
[1.547s]                  from [01m[K/home/aa/robot_controller/build/robot_msgs/rosidl_typesupport_fastrtps_cpp/robot_msgs/action/detail/dds_fastrtps/robot_order__type_support.cpp:4[m[K:
[1.547s] [01m[K/home/aa/robot_controller/build/robot_msgs/rosidl_generator_cpp/robot_msgs/action/detail/robot_order__struct.hpp:20:10:[m[K [01;31m[Kfatal error: [m[Krobot_msgs/msg/detail/string__struct.hpp: No such file or directory
[1.547s]    20 | #include [01;31m[K"robot_msgs/msg/detail/string__struct.hpp"[m[K
[1.547s]       |          [01;31m[K^~~~~~~~~~~~~~~~~~~~~~~~~~~~~~~~~~~~~~~~~~[m[K
[1.547s] compilation terminated.
[1.548s] gmake[2]: *** [CMakeFiles/robot_msgs__rosidl_typesupport_fastrtps_cpp.dir/build.make:98: CMakeFiles/robot_msgs__rosidl_typesupport_fastrtps_cpp.dir/rosidl_typesupport_fastrtps_cpp/robot_msgs/action/detail/dds_fastrtps/robot_order__type_support.cpp.o] Error 1
[1.548s] gmake[1]: *** [CMakeFiles/Makefile2:343: CMakeFiles/robot_msgs__rosidl_typesupport_fastrtps_cpp.dir/all] Error 2
[1.549s] gmake: *** [Makefile:146: all] Error 2
[1.552s] Invoked command in '/home/aa/robot_controller/build/robot_msgs' returned '2': CMAKE_PREFIX_PATH=/opt/ros/humble /usr/bin/cmake --build /home/aa/robot_controller/build/robot_msgs -- -j16 -l16
