[0.015s] Invoking command in '/home/aa/robot_controller/build/robot_msgs': CMAKE_PREFIX_PATH=/opt/ros/humble /usr/bin/cmake --build /home/aa/robot_controller/build/robot_msgs -- -j16 -l16
[0.067s] -- Found ament_cmake: 1.3.10 (/opt/ros/humble/share/ament_cmake/cmake)
[0.167s] -- Found rosidl_default_generators: 1.2.0 (/opt/ros/humble/share/rosidl_default_generators/cmake)
[0.169s] -- Using all available rosidl_typesupport_c: rosidl_typesupport_fastrtps_c;rosidl_typesupport_introspection_c
[0.171s] -- Found rosidl_adapter: 3.1.5 (/opt/ros/humble/share/rosidl_adapter/cmake)
[0.196s] -- Using all available rosidl_typesupport_cpp: rosidl_typesupport_fastrtps_cpp;rosidl_typesupport_introspection_cpp
[0.440s] -- Found ament_cmake_ros: 0.10.0 (/opt/ros/humble/share/ament_cmake_ros/cmake)
[0.590s] -- Using all available rosidl_typesupport_c: rosidl_typesupport_fastrtps_c;rosidl_typesupport_introspection_c
[0.780s] -- Using all available rosidl_typesupport_cpp: rosidl_typesupport_fastrtps_cpp;rosidl_typesupport_introspection_cpp
[0.798s] -- Found python_cmake_module: 0.10.0 (/opt/ros/humble/share/python_cmake_module/cmake)
[0.817s] -- Using PYTHON_EXECUTABLE: /usr/bin/python3
[0.817s] -- Using PYTHON_INCLUDE_DIRS: /usr/include/python3.10
[0.817s] -- Using PYTHON_LIBRARIES: /usr/lib/x86_64-linux-gnu/libpython3.10.so
[0.828s] -- Found ament_lint_auto: 0.12.11 (/opt/ros/humble/share/ament_lint_auto/cmake)
[0.838s] -- Added test 'lint_cmake' to check CMake code style
[0.839s] -- Added test 'xmllint' to check XML markup files
[0.841s] -- Configuring done
[0.875s] -- Generating done
[0.877s] -- Build files have been written to: /home/aa/robot_controller/build/robot_msgs
[0.901s] [  3%] [34m[1mGenerating C code for ROS interfaces[0m
[0.910s] [  6%] [34m[1mGenerating C++ code for ROS interfaces[0m
[0.920s] [  6%] Built target ament_cmake_python_copy_robot_msgs
[1.118s] running egg_info
[1.118s] writing robot_msgs.egg-info/PKG-INFO
[1.118s] writing dependency_links to robot_msgs.egg-info/dependency_links.txt
[1.119s] writing top-level names to robot_msgs.egg-info/top_level.txt
[1.120s] reading manifest file 'robot_msgs.egg-info/SOURCES.txt'
[1.121s] writing manifest file 'robot_msgs.egg-info/SOURCES.txt'
[1.144s] [  6%] Built target ament_cmake_python_build_robot_msgs_egg
[1.216s] [35m[1mConsolidate compiler generated dependencies of target robot_msgs__rosidl_generator_c[0m
[1.227s] [  9%] [32mBuilding C object CMakeFiles/robot_msgs__rosidl_generator_c.dir/rosidl_generator_c/robot_msgs/action/detail/robot_order__functions.c.o[0m
[1.231s] [  9%] Built target robot_msgs__cpp
[1.240s] [ 16%] [34m[1mGenerating C++ type support for eProsima Fast-RTPS[0m
[1.240s] [ 16%] [34m[1mGenerating C++ type support dispatch for ROS interfaces[0m
[1.240s] [ 19%] [34m[1mGenerating C++ introspection for ROS interfaces[0m
[1.255s] In file included from [01m[K/home/aa/robot_controller/build/robot_msgs/rosidl_generator_c/robot_msgs/action/detail/robot_order__functions.h:19[m[K,
[1.255s]                  from [01m[K/home/aa/robot_controller/build/robot_msgs/rosidl_generator_c/robot_msgs/action/detail/robot_order__functions.c:4[m[K:
[1.255s] [01m[K/home/aa/robot_controller/build/robot_msgs/rosidl_generator_c/robot_msgs/action/detail/robot_order__struct.h:25:10:[m[K [01;31m[Kfatal error: [m[Krobot_msgs/msg/detail/int32__struct.h: No such file or directory
[1.255s]    25 | #include [01;31m[K"robot_msgs/msg/detail/int32__struct.h"[m[K
[1.255s]       |          [01;31m[K^~~~~~~~~~~~~~~~~~~~~~~~~~~~~~~~~~~~~~~[m[K
[1.255s] compilation terminated.
[1.256s] gmake[2]: *** [CMakeFiles/robot_msgs__rosidl_generator_c.dir/build.make:112: CMakeFiles/robot_msgs__rosidl_generator_c.dir/rosidl_generator_c/robot_msgs/action/detail/robot_order__functions.c.o] Error 1
[1.257s] gmake[1]: *** [CMakeFiles/Makefile2:213: CMakeFiles/robot_msgs__rosidl_generator_c.dir/all] Error 2
[1.257s] gmake[1]: *** Waiting for unfinished jobs....
[1.448s] [35m[1mConsolidate compiler generated dependencies of target robot_msgs__rosidl_typesupport_cpp[0m
[1.464s] [ 22%] [32mBuilding CXX object CMakeFiles/robot_msgs__rosidl_typesupport_cpp.dir/rosidl_typesupport_cpp/robot_msgs/action/robot_order__type_support.cpp.o[0m
[1.493s] [35m[1mConsolidate compiler generated dependencies of target robot_msgs__rosidl_typesupport_introspection_cpp[0m
[1.507s] [ 25%] [32mBuilding CXX object CMakeFiles/robot_msgs__rosidl_typesupport_introspection_cpp.dir/rosidl_typesupport_introspection_cpp/robot_msgs/action/detail/robot_order__type_support.cpp.o[0m
[1.535s] [35m[1mConsolidate compiler generated dependencies of target robot_msgs__rosidl_typesupport_fastrtps_cpp[0m
[1.537s] In file included from [01m[K/home/aa/robot_controller/build/robot_msgs/rosidl_typesupport_cpp/robot_msgs/action/robot_order__type_support.cpp:7[m[K:
[1.537s] [01m[K/home/aa/robot_controller/build/robot_msgs/rosidl_generator_cpp/robot_msgs/action/detail/robot_order__struct.hpp:21:10:[m[K [01;31m[Kfatal error: [m[Krobot_msgs/msg/detail/int32__struct.hpp: No such file or directory
[1.537s]    21 | #include [01;31m[K"robot_msgs/msg/detail/int32__struct.hpp"[m[K
[1.537s]       |          [01;31m[K^~~~~~~~~~~~~~~~~~~~~~~~~~~~~~~~~~~~~~~~~[m[K
[1.537s] compilation terminated.
[1.538s] gmake[2]: *** [CMakeFiles/robot_msgs__rosidl_typesupport_cpp.dir/build.make:93: CMakeFiles/robot_msgs__rosidl_typesupport_cpp.dir/rosidl_typesupport_cpp/robot_msgs/action/robot_order__type_support.cpp.o] Error 1
[1.539s] gmake[1]: *** [CMakeFiles/Makefile2:395: CMakeFiles/robot_msgs__rosidl_typesupport_cpp.dir/all] Error 2
[1.549s] [ 29%] [32mBuilding CXX object CMakeFiles/robot_msgs__rosidl_typesupport_fastrtps_cpp.dir/rosidl_typesupport_fastrtps_cpp/robot_msgs/action/detail/dds_fastrtps/robot_order__type_support.cpp.o[0m
[1.558s] In file included from [01m[K/home/aa/robot_controller/build/robot_msgs/rosidl_typesupport_introspection_cpp/robot_msgs/action/detail/robot_order__type_support.cpp:12[m[K:
[1.558s] [01m[K/home/aa/robot_controller/build/robot_msgs/rosidl_generator_cpp/robot_msgs/action/detail/robot_order__struct.hpp:21:10:[m[K [01;31m[Kfatal error: [m[Krobot_msgs/msg/detail/int32__struct.hpp: No such file or directory
[1.558s]    21 | #include [01;31m[K"robot_msgs/msg/detail/int32__struct.hpp"[m[K
[1.558s]       |          [01;31m[K^~~~~~~~~~~~~~~~~~~~~~~~~~~~~~~~~~~~~~~~~[m[K
[1.558s] compilation terminated.
[1.559s] gmake[2]: *** [CMakeFiles/robot_msgs__rosidl_typesupport_introspection_cpp.dir/build.make:98: CMakeFiles/robot_msgs__rosidl_typesupport_introspection_cpp.dir/rosidl_typesupport_introspection_cpp/robot_msgs/action/detail/robot_order__type_support.cpp.o] Error 1
[1.560s] gmake[1]: *** [CMakeFiles/Makefile2:369: CMakeFiles/robot_msgs__rosidl_typesupport_introspection_cpp.dir/all] Error 2
[1.595s] In file included from [01m[K/home/aa/robot_controller/build/robot_msgs/rosidl_typesupport_fastrtps_cpp/robot_msgs/action/detail/robot_order__rosidl_typesupport_fastrtps_cpp.hpp:11[m[K,
[1.595s]                  from [01m[K/home/aa/robot_controller/build/robot_msgs/rosidl_typesupport_fastrtps_cpp/robot_msgs/action/detail/dds_fastrtps/robot_order__type_support.cpp:4[m[K:
[1.595s] [01m[K/home/aa/robot_controller/build/robot_msgs/rosidl_generator_cpp/robot_msgs/action/detail/robot_order__struct.hpp:21:10:[m[K [01;31m[Kfatal error: [m[Krobot_msgs/msg/detail/int32__struct.hpp: No such file or directory
[1.595s]    21 | #include [01;31m[K"robot_msgs/msg/detail/int32__struct.hpp"[m[K
[1.596s]       |          [01;31m[K^~~~~~~~~~~~~~~~~~~~~~~~~~~~~~~~~~~~~~~~~[m[K
[1.596s] compilation terminated.
[1.597s] gmake[2]: *** [CMakeFiles/robot_msgs__rosidl_typesupport_fastrtps_cpp.dir/build.make:98: CMakeFiles/robot_msgs__rosidl_typesupport_fastrtps_cpp.dir/rosidl_typesupport_fastrtps_cpp/robot_msgs/action/detail/dds_fastrtps/robot_order__type_support.cpp.o] Error 1
[1.597s] gmake[1]: *** [CMakeFiles/Makefile2:343: CMakeFiles/robot_msgs__rosidl_typesupport_fastrtps_cpp.dir/all] Error 2
[1.597s] gmake: *** [Makefile:146: all] Error 2
[1.601s] Invoked command in '/home/aa/robot_controller/build/robot_msgs' returned '2': CMAKE_PREFIX_PATH=/opt/ros/humble /usr/bin/cmake --build /home/aa/robot_controller/build/robot_msgs -- -j16 -l16
